
 ******************************************
 Gaussian 09:  ES64L-G09RevD.01 24-Apr-2013
                25-Feb-2021
 ******************************************
 %Mem=10GB
 %NProcShared=10
 Will use up to   10 processors via shared memory.
 %Chk=lig
 ----------------------------------------------------------------------
 # wB97XD/6-311++G(d,p) SCF=(XQC,MaxConventionalCycles=350) nosymm Forc
 e=Nostep geom=check
 ----------------------------------------------------------------------
 1/10=10,29=2,30=1,38=1/1;
 2/12=2,15=1,40=1/2;
 3/5=4,6=6,7=1111,11=2,14=-4,16=1,25=1,30=1,71=1,74=-58/1,2,3;
 4//1;
 5/5=2,8=3,13=1,38=5,85=350/2,8;
 6/7=2,8=2,9=2,10=2,28=1/1;
 7/30=1/1,2,3,16;
 99//99;
 ---
 MOL
 ---
 Structure from the checkpoint file:  "lig.chk"
 Charge =  0 Multiplicity = 1
 Redundant internal coordinates found in file.
 C,0,0.8954058983,0.0094381372,0.0017746914
 C,0,0.4563749929,0.9961724141,-1.0864832887
 C,0,0.3790349334,-1.3928398142,-0.3414115381
 C,0,0.3203546134,0.4499237371,1.3532702958
 C,0,2.4263469757,-0.0160429706,0.08207858
 H,0,0.809267297,2.0083703738,-0.864472636
 H,0,-0.6346566891,1.0311989956,-1.1689764192
 H,0,0.8582062449,0.7075442888,-2.0630052294
 H,0,0.6745306299,-2.1181453729,0.4233277044
 H,0,0.7802629978,-1.7350981568,-1.3007940612
 H,0,-0.7133710068,-1.4033610104,-0.4112307365
 H,0,0.6175037941,-0.240431324,2.1491119719
 H,0,-0.7735780286,0.4788473522,1.3237691689
 H,0,0.6760014052,1.4491890905,1.6239143311
 H,0,2.767393633,-0.7158305746,0.8516966543
 H,0,2.8243884356,0.9738027398,0.3272241876

 Normal termination of Gaussian