 --------------------------------------------------------

    Atom  No          Natural Electron Configuration
 ----------------------------------------------------------------------------
      C    1      [core]2S( 0.97)2p( 3.27)4p( 0.01)
      C    2      [core]2S( 0.97)2p( 3.27)4p( 0.01)
      C    3      [core]2S( 0.97)2p( 3.27)4p( 0.01)
      C    4      [core]2S( 0.97)2p( 3.27)4p( 0.01)
      C    5      [core]2S( 0.97)2p( 3.27)4p( 0.01)
      C    6      [core]2S( 0.97)2p( 3.27)4p( 0.01)
      H    7            1S( 0.75)
      H    8            1S( 0.75)
      H    9            1S( 0.75)
      H   10            1S( 0.75)
      H   11            1S( 0.75)
      H   12            1S( 0.75)


 Wiberg bond index matrix in the NAO basis:

     Atom    1       2       3       4       5       6       7       8       9
     ---- ------  ------  ------  ------  ------  ------  ------  ------  ------
   1.  C  0.0000  1.4368  0.0111  0.1144  0.0111  1.4373  0.9064  0.0033  0.0099
   2.  C  1.4368  0.0000  1.4373  0.0111  0.1144  0.0111  0.0033  0.9064  0.0033
   3.  C  0.0111  1.4373  0.0000  1.4368  0.0111  0.1144  0.0099  0.0033  0.9064
   4.  C  0.1144  0.0111  1.4368  0.0000  1.4373  0.0111  0.0004  0.0099  0.0033
   5.  C  0.0111  0.1144  0.0111  1.4373  0.0000  1.4368  0.0099  0.0004  0.0099
   6.  C  1.4373  0.0111  0.1144  0.0111  1.4368  0.0000  0.0033  0.0099  0.0004
   7.  H  0.9064  0.0033  0.0099  0.0004  0.0099  0.0033  0.0000  0.0021  0.0004
   8.  H  0.0033  0.9064  0.0033  0.0099  0.0004  0.0099  0.0021  0.0000  0.0021
   9.  H  0.0099  0.0033  0.9064  0.0033  0.0099  0.0004  0.0004  0.0021  0.0000
  10.  H  0.0004  0.0099  0.0033  0.9064  0.0033  0.0099  0.0006  0.0004  0.0021
  11.  H  0.0099  0.0004  0.0099  0.0033  0.9064  0.0033  0.0004  0.0006  0.0004
  12.  H  0.0033  0.0099  0.0004  0.0099  0.0033  0.9064  0.0021  0.0004  0.0006

     Atom   10      11      12
     ---- ------  ------  ------
   1.  C  0.0004  0.0099  0.0033
   2.  C  0.0099  0.0004  0.0099
   3.  C  0.0033  0.0099  0.0004
   4.  C  0.9064  0.0033  0.0099
   5.  C  0.0033  0.9064  0.0033
   6.  C  0.0099  0.0033  0.9064
   7.  H  0.0006  0.0004  0.0021
   8.  H  0.0004  0.0006  0.0004
   9.  H  0.0021  0.0004  0.0006
  10.  H  0.0000  0.0021  0.0004
  11.  H  0.0021  0.0000  0.0021
  12.  H  0.0004  0.0021  0.0000


 Wiberg bond index, Totals by atom:

     Atom    1
     ---- ------
   1.  C  3.9438
   2.  C  3.9438
   3.  C  3.9438
   4.  C  3.9438
   5.  C  3.9438
   6.  C  3.9438
   7.  H  0.9387
   8.  H  0.9387
   9.  H  0.9387
  10.  H  0.9387
  11.  H  0.9387
  12.  H  0.9387
